<?xml version="1.0" encoding="UTF-8" ?>
<testsuite tests="7" failures="0" name="eu.gricom.interpreter.basic.variableTypes.BooleanValueTest" time="0.042" errors="0" skipped="0">
  <properties>
    <property name="java.runtime.name" value="OpenJDK Runtime Environment"/>
    <property name="sun.boot.library.path" value="/Library/Java/JavaVirtualMachines/graalvm-ce-java8-20.1.0/Contents/Home/jre/lib"/>
    <property name="java.vm.version" value="25.252-b09-jvmci-20.1-b02"/>
    <property name="gopherProxySet" value="false"/>
    <property name="java.vm.vendor" value="GraalVM Community"/>
    <property name="maven.multiModuleProjectDirectory" value="/Users/andreas/Projects/Sources/Java/Interpreters"/>
    <property name="java.vendor.url" value="https://www.graalvm.org/"/>
    <property name="path.separator" value=":"/>
    <property name="guice.disable.misplaced.annotation.check" value="true"/>
    <property name="java.vm.name" value="OpenJDK 64-Bit Server VM GraalVM CE 20.1.0"/>
    <property name="file.encoding.pkg" value="sun.io"/>
    <property name="user.country" value="NL"/>
    <property name="sun.java.launcher" value="SUN_STANDARD"/>
    <property name="sun.os.patch.level" value="unknown"/>
    <property name="java.vm.specification.name" value="Java Virtual Machine Specification"/>
    <property name="user.dir" value="/Users/andreas/Projects/Sources/Java/Interpreters"/>
    <property name="java.runtime.version" value="1.8.0_252-b09"/>
    <property name="java.awt.graphicsenv" value="sun.awt.CGraphicsEnvironment"/>
    <property name="java.endorsed.dirs" value="/Library/Java/JavaVirtualMachines/graalvm-ce-java8-20.1.0/Contents/Home/jre/lib/endorsed"/>
    <property name="os.arch" value="x86_64"/>
    <property name="java.io.tmpdir" value="/var/folders/pb/y6s0mnns0jj3vx0kpxp4nb600000gn/T/"/>
    <property name="line.separator" value="
"/>
    <property name="java.vm.specification.vendor" value="Oracle Corporation"/>
    <property name="os.name" value="Mac OS X"/>
    <property name="classworlds.conf" value="/opt/Apache/maven/bin/m2.conf"/>
    <property name="sun.jnu.encoding" value="UTF-8"/>
    <property name="java.library.path" value="/Users/andreas/Library/Java/Extensions:/Library/Java/Extensions:/Network/Library/Java/Extensions:/System/Library/Java/Extensions:/usr/lib/java:."/>
    <property name="maven.conf" value="/opt/Apache/maven/conf"/>
    <property name="java.specification.name" value="Java Platform API Specification"/>
    <property name="java.class.version" value="52.0"/>
    <property name="sun.management.compiler" value="HotSpot 64-Bit Tiered Compilers"/>
    <property name="os.version" value="10.16"/>
    <property name="library.jansi.path" value="/opt/Apache/maven/lib/jansi-native"/>
    <property name="user.home" value="/Users/andreas"/>
    <property name="user.timezone" value="Europe/Oslo"/>
    <property name="java.awt.printerjob" value="sun.lwawt.macosx.CPrinterJob"/>
    <property name="java.specification.version" value="1.8"/>
    <property name="file.encoding" value="UTF-8"/>
    <property name="user.name" value="andreas"/>
    <property name="java.class.path" value="/opt/Apache/maven/boot/plexus-classworlds-2.6.0.jar"/>
    <property name="java.vm.specification.version" value="1.8"/>
    <property name="sun.arch.data.model" value="64"/>
    <property name="java.home" value="/Library/Java/JavaVirtualMachines/graalvm-ce-java8-20.1.0/Contents/Home/jre"/>
    <property name="sun.java.command" value="org.codehaus.plexus.classworlds.launcher.Launcher compile site dependency:tree dependency:copy-dependencies package"/>
    <property name="java.specification.vendor" value="Oracle Corporation"/>
    <property name="user.language" value="en"/>
    <property name="awt.toolkit" value="sun.lwawt.macosx.LWCToolkit"/>
    <property name="java.vm.info" value="mixed mode"/>
    <property name="java.version" value="1.8.0_252"/>
    <property name="java.ext.dirs" value="/Users/andreas/Library/Java/Extensions:/Library/Java/JavaVirtualMachines/graalvm-ce-java8-20.1.0/Contents/Home/jre/lib/ext:/Library/Java/Extensions:/Network/Library/Java/Extensions:/System/Library/Java/Extensions:/usr/lib/java"/>
    <property name="sun.boot.class.path" value="/Library/Java/JavaVirtualMachines/graalvm-ce-java8-20.1.0/Contents/Home/jre/lib/resources.jar:/Library/Java/JavaVirtualMachines/graalvm-ce-java8-20.1.0/Contents/Home/jre/lib/rt.jar:/Library/Java/JavaVirtualMachines/graalvm-ce-java8-20.1.0/Contents/Home/jre/lib/sunrsasign.jar:/Library/Java/JavaVirtualMachines/graalvm-ce-java8-20.1.0/Contents/Home/jre/lib/jsse.jar:/Library/Java/JavaVirtualMachines/graalvm-ce-java8-20.1.0/Contents/Home/jre/lib/jce.jar:/Library/Java/JavaVirtualMachines/graalvm-ce-java8-20.1.0/Contents/Home/jre/lib/charsets.jar:/Library/Java/JavaVirtualMachines/graalvm-ce-java8-20.1.0/Contents/Home/jre/lib/jfr.jar:/Library/Java/JavaVirtualMachines/graalvm-ce-java8-20.1.0/Contents/Home/jre/lib/jvmci-services.jar:/Library/Java/JavaVirtualMachines/graalvm-ce-java8-20.1.0/Contents/Home/jre/classes:/Library/Java/JavaVirtualMachines/graalvm-ce-java8-20.1.0/Contents/Home/jre/lib/boot/graaljs-scriptengine.jar:/Library/Java/JavaVirtualMachines/graalvm-ce-java8-20.1.0/Contents/Home/jre/lib/boot/graal-sdk.jar"/>
    <property name="java.vendor" value="GraalVM Community"/>
    <property name="maven.home" value="/opt/Apache/maven"/>
    <property name="file.separator" value="/"/>
    <property name="java.vendor.url.bug" value="https://github.com/oracle/graal/issues"/>
    <property name="sun.cpu.endian" value="little"/>
    <property name="sun.io.unicode.encoding" value="UnicodeBig"/>
    <property name="jvmci.Compiler" value="graal"/>
    <property name="sun.cpu.isalist" value=""/>
  </properties>
  <testcase classname="eu.gricom.interpreter.basic.variableTypes.BooleanValueTest" name="eu.gricom.interpreter.basic.variableTypes.BooleanValueTest.testEvaluate" time="0"/>
  <testcase classname="eu.gricom.interpreter.basic.variableTypes.BooleanValueTest" name="eu.gricom.interpreter.basic.variableTypes.BooleanValueTest.testToString" time="0"/>
  <testcase classname="eu.gricom.interpreter.basic.variableTypes.BooleanValueTest" name="eu.gricom.interpreter.basic.variableTypes.BooleanValueTest.testFromNumber" time="0"/>
  <testcase classname="eu.gricom.interpreter.basic.variableTypes.BooleanValueTest" name="eu.gricom.interpreter.basic.variableTypes.BooleanValueTest.testToNumber" time="0"/>
  <testcase classname="eu.gricom.interpreter.basic.variableTypes.BooleanValueTest" name="eu.gricom.interpreter.basic.variableTypes.BooleanValueTest.testIsTrue" time="0"/>
  <testcase classname="eu.gricom.interpreter.basic.variableTypes.BooleanValueTest" name="eu.gricom.interpreter.basic.variableTypes.BooleanValueTest.testEquals" time="0"/>
  <testcase classname="eu.gricom.interpreter.basic.variableTypes.BooleanValueTest" name="eu.gricom.interpreter.basic.variableTypes.BooleanValueTest.testLargerThanTypeException" time="0.042"/>
</testsuite>